#-----------------------------------------------------------
# Vivado v2018.2 (64-bit)
# SW Build 2258646 on Thu Jun 14 20:03:12 MDT 2018
# IP Build 2256618 on Thu Jun 14 22:10:49 MDT 2018
# Start of session at: Mon Nov 21 23:43:44 2022
# Process ID: 4112
# Current directory: E:/automatic_washing_machine
# Command line: vivado.exe -gui_launcher_event rodinguilauncherevent7808 E:\automatic_washing_machine\automatic_washing_machine.xpr
# Log file: E:/automatic_washing_machine/vivado.log
# Journal file: E:/automatic_washing_machine\vivado.jou
#-----------------------------------------------------------
start_gui
open_project E:/automatic_washing_machine/automatic_washing_machine.xpr
Scanning sources...
Finished scanning sources
INFO: [IP_Flow 19-234] Refreshing IP repositories
INFO: [IP_Flow 19-1704] No user IP repositories specified
INFO: [IP_Flow 19-2313] Loaded Vivado IP repository 'C:/Xilinx/Vivado/2018.2/data/ip'.
open_project: Time (s): cpu = 00:00:24 ; elapsed = 00:00:40 . Memory (MB): peak = 787.441 ; gain = 110.379
update_compile_order -fileset sources_1
exit
INFO: [Common 17-206] Exiting Vivado at Tue Nov 22 00:31:27 2022...
